[0.015s] Invoking command in '/home/AmyEric/ros2_ws/src/semnav_migration/build/semnav': /usr/bin/cmake /home/AmyEric/ros2_ws/src/semnav_migration -DCATKIN_INSTALL_INTO_PREFIX_ROOT=0 -DCMAKE_INSTALL_PREFIX=/home/AmyEric/ros2_ws/src/semnav_migration/install/semnav
[0.201s] -- The C compiler identification is GNU 11.4.0
[0.308s] -- The CXX compiler identification is GNU 11.4.0
[0.319s] -- Detecting C compiler ABI info
[0.443s] -- Detecting C compiler ABI info - done
[0.448s] -- Check for working C compiler: /usr/bin/cc - skipped
[0.449s] -- Detecting C compile features
[0.449s] -- Detecting C compile features - done
[0.452s] -- Detecting CXX compiler ABI info
[0.543s] -- Detecting CXX compiler ABI info - done
[0.548s] -- Check for working CXX compiler: /usr/bin/c++ - skipped
[0.549s] -- Detecting CXX compile features
[0.549s] -- Detecting CXX compile features - done
[0.561s] -- Found ament_cmake: 1.3.8 (/opt/ros/humble/share/ament_cmake/cmake)
[0.689s] -- Found Python3: /usr/bin/python3 (found version "3.10.12") found components: Interpreter 
[0.778s] -- Found rclcpp: 16.0.8 (/opt/ros/humble/share/rclcpp/cmake)
[0.822s] -- Found rosidl_generator_c: 3.1.5 (/opt/ros/humble/share/rosidl_generator_c/cmake)
[0.828s] -- Found rosidl_adapter: 3.1.5 (/opt/ros/humble/share/rosidl_adapter/cmake)
[0.834s] -- Found rosidl_generator_cpp: 3.1.5 (/opt/ros/humble/share/rosidl_generator_cpp/cmake)
[0.848s] -- Using all available rosidl_typesupport_c: rosidl_typesupport_fastrtps_c;rosidl_typesupport_introspection_c
[0.864s] -- Using all available rosidl_typesupport_cpp: rosidl_typesupport_fastrtps_cpp;rosidl_typesupport_introspection_cpp
[0.939s] -- Found rmw_implementation_cmake: 6.1.1 (/opt/ros/humble/share/rmw_implementation_cmake/cmake)
[0.943s] -- Found rmw_fastrtps_cpp: 6.2.6 (/opt/ros/humble/share/rmw_fastrtps_cpp/cmake)
[1.069s] -- Found OpenSSL: /usr/lib/aarch64-linux-gnu/libcrypto.so (found version "3.0.2")  
[1.112s] -- Found FastRTPS: /opt/ros/humble/include  
[1.167s] -- Using RMW implementation 'rmw_fastrtps_cpp' as default
[1.180s] -- Looking for pthread.h
[1.265s] -- Looking for pthread.h - found
[1.266s] -- Performing Test CMAKE_HAVE_LIBC_PTHREAD
[1.382s] -- Performing Test CMAKE_HAVE_LIBC_PTHREAD - Success
[1.384s] -- Found Threads: TRUE  
[1.533s] -- Found geometry_msgs: 4.2.3 (/opt/ros/humble/share/geometry_msgs/cmake)
[1.573s] -- Found nav_msgs: 4.2.3 (/opt/ros/humble/share/nav_msgs/cmake)
[1.663s] -- Found sensor_msgs: 4.2.3 (/opt/ros/humble/share/sensor_msgs/cmake)
[1.747s] -- Found message_filters: 4.3.3 (/opt/ros/humble/share/message_filters/cmake)
[1.768s] [31mCMake Error at CMakeLists.txt:43 (find_package):
[1.768s]   By not providing "Findobject_pose_interface_msgs.cmake" in
[1.768s]   CMAKE_MODULE_PATH this project has asked CMake to find a package
[1.768s]   configuration file provided by "object_pose_interface_msgs", but CMake did
[1.768s]   not find one.
[1.768s] 
[1.768s]   Could not find a package configuration file provided by
[1.769s]   "object_pose_interface_msgs" with any of the following names:
[1.769s] 
[1.769s]     object_pose_interface_msgsConfig.cmake
[1.769s]     object_pose_interface_msgs-config.cmake
[1.769s] 
[1.769s]   Add the installation prefix of "object_pose_interface_msgs" to
[1.769s]   CMAKE_PREFIX_PATH or set "object_pose_interface_msgs_DIR" to a directory
[1.769s]   containing one of the above files.  If "object_pose_interface_msgs"
[1.769s]   provides a separate development package or SDK, be sure it has been
[1.769s]   installed.
[1.769s] 
[1.769s] [0m
[1.769s] -- Configuring incomplete, errors occurred!
[1.769s] See also "/home/AmyEric/ros2_ws/src/semnav_migration/build/semnav/CMakeFiles/CMakeOutput.log".
[1.776s] Invoked command in '/home/AmyEric/ros2_ws/src/semnav_migration/build/semnav' returned '1': /usr/bin/cmake /home/AmyEric/ros2_ws/src/semnav_migration -DCATKIN_INSTALL_INTO_PREFIX_ROOT=0 -DCMAKE_INSTALL_PREFIX=/home/AmyEric/ros2_ws/src/semnav_migration/install/semnav
