[0.067s] DEBUG:colcon:Command line arguments: ['/usr/bin/colcon', 'build']
[0.067s] DEBUG:colcon:Parsed command line arguments: Namespace(log_base=None, log_level=None, verb_name='build', build_base='build', install_base='install', merge_install=False, symlink_install=False, test_result_base=None, continue_on_error=False, executor='parallel', parallel_workers=6, event_handlers=None, ignore_user_meta=False, metas=['./colcon.meta'], base_paths=['.'], packages_ignore=None, packages_ignore_regex=None, paths=None, packages_up_to=None, packages_up_to_regex=None, packages_above=None, packages_above_and_dependencies=None, packages_above_depth=None, packages_select_by_dep=None, packages_skip_by_dep=None, packages_skip_up_to=None, packages_select_build_failed=False, packages_skip_build_finished=False, packages_select_test_failures=False, packages_skip_test_passed=False, packages_select=None, packages_skip=None, packages_select_regex=None, packages_skip_regex=None, packages_start=None, packages_end=None, cmake_args=None, cmake_target=None, cmake_target_skip_unavailable=False, cmake_clean_cache=False, cmake_clean_first=False, cmake_force_configure=False, ament_cmake_args=None, catkin_cmake_args=None, catkin_skip_building_tests=False, verb_parser=<colcon_defaults.argument_parser.defaults.DefaultArgumentsDecorator object at 0xffff9e0e78e0>, verb_extension=<colcon_core.verb.build.BuildVerb object at 0xffff9e0e73d0>, main=<bound method BuildVerb.main of <colcon_core.verb.build.BuildVerb object at 0xffff9e0e73d0>>)
[0.160s] Level 1:colcon.colcon_core.package_discovery:discover_packages(colcon_meta) check parameters
[0.160s] Level 1:colcon.colcon_core.package_discovery:discover_packages(recursive) check parameters
[0.160s] Level 1:colcon.colcon_core.package_discovery:discover_packages(ignore) check parameters
[0.160s] Level 1:colcon.colcon_core.package_discovery:discover_packages(path) check parameters
[0.160s] Level 1:colcon.colcon_core.package_discovery:discover_packages(colcon_meta) discover
[0.160s] Level 1:colcon.colcon_core.package_discovery:discover_packages(recursive) discover
[0.160s] INFO:colcon.colcon_core.package_discovery:Crawling recursively for packages in '/home/AmyEric/ros2_ws/src/semnav_migration'
[0.160s] Level 1:colcon.colcon_core.package_identification:_identify(.) by extensions ['ignore', 'ignore_ament_install']
[0.160s] Level 1:colcon.colcon_core.package_identification:_identify(.) by extension 'ignore'
[0.160s] Level 1:colcon.colcon_core.package_identification:_identify(.) by extension 'ignore_ament_install'
[0.160s] Level 1:colcon.colcon_core.package_identification:_identify(.) by extensions ['colcon_pkg']
[0.161s] Level 1:colcon.colcon_core.package_identification:_identify(.) by extension 'colcon_pkg'
[0.161s] Level 1:colcon.colcon_core.package_identification:_identify(.) by extensions ['colcon_meta']
[0.161s] Level 1:colcon.colcon_core.package_identification:_identify(.) by extension 'colcon_meta'
[0.161s] Level 1:colcon.colcon_core.package_identification:_identify(.) by extensions ['ros']
[0.161s] Level 1:colcon.colcon_core.package_identification:_identify(.) by extension 'ros'
[0.171s] DEBUG:colcon.colcon_core.package_identification:Package '.' with type 'ros.catkin' and name 'semnav'
[0.171s] Level 1:colcon.colcon_core.package_discovery:discover_packages(recursive) using defaults
[0.171s] Level 1:colcon.colcon_core.package_discovery:discover_packages(ignore) discover
[0.171s] Level 1:colcon.colcon_core.package_discovery:discover_packages(ignore) using defaults
[0.171s] Level 1:colcon.colcon_core.package_discovery:discover_packages(path) discover
[0.171s] Level 1:colcon.colcon_core.package_discovery:discover_packages(path) using defaults
[0.184s] Level 5:colcon.colcon_core.verb:set package 'semnav' build argument 'cmake_args' from command line to 'None'
[0.184s] Level 5:colcon.colcon_core.verb:set package 'semnav' build argument 'cmake_target' from command line to 'None'
[0.184s] Level 5:colcon.colcon_core.verb:set package 'semnav' build argument 'cmake_target_skip_unavailable' from command line to 'False'
[0.184s] Level 5:colcon.colcon_core.verb:set package 'semnav' build argument 'cmake_clean_cache' from command line to 'False'
[0.184s] Level 5:colcon.colcon_core.verb:set package 'semnav' build argument 'cmake_clean_first' from command line to 'False'
[0.184s] Level 5:colcon.colcon_core.verb:set package 'semnav' build argument 'cmake_force_configure' from command line to 'False'
[0.184s] Level 5:colcon.colcon_core.verb:set package 'semnav' build argument 'ament_cmake_args' from command line to 'None'
[0.184s] Level 5:colcon.colcon_core.verb:set package 'semnav' build argument 'catkin_cmake_args' from command line to 'None'
[0.184s] Level 5:colcon.colcon_core.verb:set package 'semnav' build argument 'catkin_skip_building_tests' from command line to 'False'
[0.184s] DEBUG:colcon.colcon_core.verb:Building package 'semnav' with the following arguments: {'ament_cmake_args': None, 'build_base': '/home/AmyEric/ros2_ws/src/semnav_migration/build/semnav', 'catkin_cmake_args': None, 'catkin_skip_building_tests': False, 'cmake_args': None, 'cmake_clean_cache': False, 'cmake_clean_first': False, 'cmake_force_configure': False, 'cmake_target': None, 'cmake_target_skip_unavailable': False, 'install_base': '/home/AmyEric/ros2_ws/src/semnav_migration/install/semnav', 'merge_install': False, 'path': '/home/AmyEric/ros2_ws/src/semnav_migration', 'symlink_install': False, 'test_result_base': None}
[0.184s] INFO:colcon.colcon_core.executor:Executing jobs using 'parallel' executor
[0.185s] DEBUG:colcon.colcon_parallel_executor.executor.parallel:run_until_complete
[0.185s] INFO:colcon.colcon_ros.task.catkin.build:Building ROS package in '/home/AmyEric/ros2_ws/src/semnav_migration' with build type 'catkin'
[0.185s] INFO:colcon.colcon_cmake.task.cmake.build:Building CMake package in '/home/AmyEric/ros2_ws/src/semnav_migration'
[0.187s] INFO:colcon.colcon_core.plugin_system:Skipping extension 'colcon_core.shell.bat': Not used on non-Windows systems
[0.187s] INFO:colcon.colcon_core.shell:Skip shell extension 'powershell' for command environment: Not usable outside of PowerShell
[0.187s] DEBUG:colcon.colcon_core.shell:Skip shell extension 'dsv' for command environment
[0.194s] DEBUG:colcon.colcon_core.event_handler.log_command:Invoking command in '/home/AmyEric/ros2_ws/src/semnav_migration/build/semnav': /usr/bin/cmake /home/AmyEric/ros2_ws/src/semnav_migration -DCATKIN_INSTALL_INTO_PREFIX_ROOT=0 -DCMAKE_INSTALL_PREFIX=/home/AmyEric/ros2_ws/src/semnav_migration/install/semnav
[0.878s] DEBUG:colcon.colcon_core.event_handler.log_command:Invoked command in '/home/AmyEric/ros2_ws/src/semnav_migration/build/semnav' returned '1': /usr/bin/cmake /home/AmyEric/ros2_ws/src/semnav_migration -DCATKIN_INSTALL_INTO_PREFIX_ROOT=0 -DCMAKE_INSTALL_PREFIX=/home/AmyEric/ros2_ws/src/semnav_migration/install/semnav
[0.891s] Level 1:colcon.colcon_core.environment:create_environment_scripts_only(semnav)
[0.893s] Level 1:colcon.colcon_core.environment:checking '/home/AmyEric/ros2_ws/src/semnav_migration/install/semnav' for CMake module files
[0.893s] Level 1:colcon.colcon_core.environment:checking '/home/AmyEric/ros2_ws/src/semnav_migration/install/semnav' for CMake config files
[0.893s] Level 1:colcon.colcon_core.environment:checking '/home/AmyEric/ros2_ws/src/semnav_migration/install/semnav/bin'
[0.894s] Level 1:colcon.colcon_core.environment:checking '/home/AmyEric/ros2_ws/src/semnav_migration/install/semnav/lib/pkgconfig/semnav.pc'
[0.895s] Level 1:colcon.colcon_core.environment:checking '/home/AmyEric/ros2_ws/src/semnav_migration/install/semnav/lib/python3.10/site-packages'
[0.895s] Level 1:colcon.colcon_core.environment:checking '/home/AmyEric/ros2_ws/src/semnav_migration/install/semnav/bin'
[0.895s] INFO:colcon.colcon_core.shell:Creating package script '/home/AmyEric/ros2_ws/src/semnav_migration/install/semnav/share/semnav/package.ps1'
[0.896s] INFO:colcon.colcon_core.shell:Creating package descriptor '/home/AmyEric/ros2_ws/src/semnav_migration/install/semnav/share/semnav/package.dsv'
[0.896s] INFO:colcon.colcon_core.shell:Creating package script '/home/AmyEric/ros2_ws/src/semnav_migration/install/semnav/share/semnav/package.sh'
[0.896s] INFO:colcon.colcon_core.shell:Creating package script '/home/AmyEric/ros2_ws/src/semnav_migration/install/semnav/share/semnav/package.bash'
[0.897s] INFO:colcon.colcon_core.shell:Creating package script '/home/AmyEric/ros2_ws/src/semnav_migration/install/semnav/share/semnav/package.zsh'
[0.897s] Level 1:colcon.colcon_core.environment:create_file_with_runtime_dependencies(/home/AmyEric/ros2_ws/src/semnav_migration/install/semnav/share/colcon-core/packages/semnav)
[0.908s] DEBUG:colcon.colcon_parallel_executor.executor.parallel:closing loop
[0.908s] DEBUG:colcon.colcon_parallel_executor.executor.parallel:loop closed
[0.908s] DEBUG:colcon.colcon_parallel_executor.executor.parallel:run_until_complete finished with '1'
[0.908s] DEBUG:colcon.colcon_core.event_reactor:joining thread
[0.912s] INFO:colcon.colcon_core.plugin_system:Skipping extension 'colcon_notification.desktop_notification.notify_send': Could not find 'notify-send'
[0.912s] INFO:colcon.colcon_core.plugin_system:Skipping extension 'colcon_notification.desktop_notification.terminal_notifier': Not used on non-Darwin systems
[0.912s] INFO:colcon.colcon_core.plugin_system:Skipping extension 'colcon_notification.desktop_notification.win32': Not used on non-Windows systems
[0.912s] INFO:colcon.colcon_notification.desktop_notification:Sending desktop notification using 'notify2'
