[0.009s] Invoking command in '/home/AmyEric/ros2_ws/src/semnav_migration/build/semnav': /usr/bin/cmake /home/AmyEric/ros2_ws/src/semnav_migration -DCATKIN_INSTALL_INTO_PREFIX_ROOT=0 -DCMAKE_INSTALL_PREFIX=/home/AmyEric/ros2_ws/src/semnav_migration/install/semnav
[0.022s] -- Found ament_cmake: 1.3.8 (/opt/ros/humble/share/ament_cmake/cmake)
[0.115s] -- Found rclcpp: 16.0.8 (/opt/ros/humble/share/rclcpp/cmake)
[0.140s] -- Found rosidl_generator_c: 3.1.5 (/opt/ros/humble/share/rosidl_generator_c/cmake)
[0.142s] -- Found rosidl_adapter: 3.1.5 (/opt/ros/humble/share/rosidl_adapter/cmake)
[0.146s] -- Found rosidl_generator_cpp: 3.1.5 (/opt/ros/humble/share/rosidl_generator_cpp/cmake)
[0.154s] -- Using all available rosidl_typesupport_c: rosidl_typesupport_fastrtps_c;rosidl_typesupport_introspection_c
[0.166s] -- Using all available rosidl_typesupport_cpp: rosidl_typesupport_fastrtps_cpp;rosidl_typesupport_introspection_cpp
[0.211s] -- Found rmw_implementation_cmake: 6.1.1 (/opt/ros/humble/share/rmw_implementation_cmake/cmake)
[0.212s] -- Found rmw_fastrtps_cpp: 6.2.6 (/opt/ros/humble/share/rmw_fastrtps_cpp/cmake)
[0.343s] -- Using RMW implementation 'rmw_fastrtps_cpp' as default
[0.473s] -- Found sensor_msgs: 4.2.3 (/opt/ros/humble/share/sensor_msgs/cmake)
[0.577s] -- Found nav_msgs: 4.2.3 (/opt/ros/humble/share/nav_msgs/cmake)
[0.651s] -- Found tf2: 0.25.6 (/opt/ros/humble/share/tf2/cmake)
[0.666s] -- Found message_filters: 4.3.3 (/opt/ros/humble/share/message_filters/cmake)
[0.685s] [31mCMake Error at CMakeLists.txt:20 (find_package):
[0.685s]   By not providing "Findobject_pose_interface_msgs.cmake" in
[0.686s]   CMAKE_MODULE_PATH this project has asked CMake to find a package
[0.686s]   configuration file provided by "object_pose_interface_msgs", but CMake did
[0.686s]   not find one.
[0.686s] 
[0.686s]   Could not find a package configuration file provided by
[0.686s]   "object_pose_interface_msgs" with any of the following names:
[0.686s] 
[0.686s]     object_pose_interface_msgsConfig.cmake
[0.686s]     object_pose_interface_msgs-config.cmake
[0.686s] 
[0.686s]   Add the installation prefix of "object_pose_interface_msgs" to
[0.686s]   CMAKE_PREFIX_PATH or set "object_pose_interface_msgs_DIR" to a directory
[0.686s]   containing one of the above files.  If "object_pose_interface_msgs"
[0.686s]   provides a separate development package or SDK, be sure it has been
[0.686s]   installed.
[0.686s] 
[0.686s] [0m
[0.686s] -- Configuring incomplete, errors occurred!
[0.686s] See also "/home/AmyEric/ros2_ws/src/semnav_migration/build/semnav/CMakeFiles/CMakeOutput.log".
[0.693s] Invoked command in '/home/AmyEric/ros2_ws/src/semnav_migration/build/semnav' returned '1': /usr/bin/cmake /home/AmyEric/ros2_ws/src/semnav_migration -DCATKIN_INSTALL_INTO_PREFIX_ROOT=0 -DCMAKE_INSTALL_PREFIX=/home/AmyEric/ros2_ws/src/semnav_migration/install/semnav
