[0.011s] Invoking command in '/home/AmyEric/ros2_ws/src/semnav_migration/build/semnav': /usr/bin/cmake /home/AmyEric/ros2_ws/src/semnav_migration -DCATKIN_INSTALL_INTO_PREFIX_ROOT=0 -DCMAKE_INSTALL_PREFIX=/home/AmyEric/ros2_ws/src/semnav_migration/install/semnav
[0.029s] -- Found ament_cmake: 1.3.8 (/opt/ros/humble/share/ament_cmake/cmake)
[0.139s] -- Found rclcpp: 16.0.8 (/opt/ros/humble/share/rclcpp/cmake)
[0.167s] -- Found rosidl_generator_c: 3.1.5 (/opt/ros/humble/share/rosidl_generator_c/cmake)
[0.169s] -- Found rosidl_adapter: 3.1.5 (/opt/ros/humble/share/rosidl_adapter/cmake)
[0.174s] -- Found rosidl_generator_cpp: 3.1.5 (/opt/ros/humble/share/rosidl_generator_cpp/cmake)
[0.182s] -- Using all available rosidl_typesupport_c: rosidl_typesupport_fastrtps_c;rosidl_typesupport_introspection_c
[0.195s] -- Using all available rosidl_typesupport_cpp: rosidl_typesupport_fastrtps_cpp;rosidl_typesupport_introspection_cpp
[0.242s] -- Found rmw_implementation_cmake: 6.1.1 (/opt/ros/humble/share/rmw_implementation_cmake/cmake)
[0.243s] -- Found rmw_fastrtps_cpp: 6.2.6 (/opt/ros/humble/share/rmw_fastrtps_cpp/cmake)
[0.377s] -- Using RMW implementation 'rmw_fastrtps_cpp' as default
[0.509s] -- Found sensor_msgs: 4.2.3 (/opt/ros/humble/share/sensor_msgs/cmake)
[0.618s] -- Found nav_msgs: 4.2.3 (/opt/ros/humble/share/nav_msgs/cmake)
[0.691s] -- Found tf2: 0.25.6 (/opt/ros/humble/share/tf2/cmake)
[0.700s] -- Found tf2_ros: 0.25.6 (/opt/ros/humble/share/tf2_ros/cmake)
[1.016s] [31mCMake Error at CMakeLists.txt:26 (find_package):
[1.016s]   By not providing "Findobject_pose_interface_msgs.cmake" in
[1.016s]   CMAKE_MODULE_PATH this project has asked CMake to find a package
[1.016s]   configuration file provided by "object_pose_interface_msgs", but CMake did
[1.016s]   not find one.
[1.017s] 
[1.017s]   Could not find a package configuration file provided by
[1.017s]   "object_pose_interface_msgs" with any of the following names:
[1.017s] 
[1.017s]     object_pose_interface_msgsConfig.cmake
[1.017s]     object_pose_interface_msgs-config.cmake
[1.017s] 
[1.017s]   Add the installation prefix of "object_pose_interface_msgs" to
[1.017s]   CMAKE_PREFIX_PATH or set "object_pose_interface_msgs_DIR" to a directory
[1.017s]   containing one of the above files.  If "object_pose_interface_msgs"
[1.017s]   provides a separate development package or SDK, be sure it has been
[1.017s]   installed.
[1.017s] 
[1.017s] [0m
[1.017s] -- Configuring incomplete, errors occurred!
[1.017s] See also "/home/AmyEric/ros2_ws/src/semnav_migration/build/semnav/CMakeFiles/CMakeOutput.log".
[1.024s] Invoked command in '/home/AmyEric/ros2_ws/src/semnav_migration/build/semnav' returned '1': /usr/bin/cmake /home/AmyEric/ros2_ws/src/semnav_migration -DCATKIN_INSTALL_INTO_PREFIX_ROOT=0 -DCMAKE_INSTALL_PREFIX=/home/AmyEric/ros2_ws/src/semnav_migration/install/semnav
